[0m22:57:57.823496 [debug] [MainThread]: Sending event: {'category': 'dbt', 'action': 'invocation', 'label': 'start', 'context': [<snowplow_tracker.self_describing_json.SelfDescribingJson object at 0x00000181DD42E610>, <snowplow_tracker.self_describing_json.SelfDescribingJson object at 0x00000181DD4F99D0>, <snowplow_tracker.self_describing_json.SelfDescribingJson object at 0x00000181DD374C90>]}


============================== 22:57:57.830252 | 1c32f54f-91d1-495a-aa60-9cf2bf03a3b7 ==============================
[0m22:57:57.830252 [info ] [MainThread]: Running with dbt=1.6.3
[0m22:57:57.831252 [debug] [MainThread]: running dbt with arguments {'printer_width': '80', 'indirect_selection': 'eager', 'log_cache_events': 'False', 'write_json': 'True', 'partial_parse': 'True', 'cache_selected_only': 'False', 'profiles_dir': 'C:\\Users\\DangTinh\\.dbt', 'fail_fast': 'False', 'version_check': 'True', 'log_path': 'logs', 'debug': 'False', 'warn_error': 'None', 'use_colors': 'True', 'use_experimental_parser': 'False', 'no_print': 'None', 'quiet': 'False', 'warn_error_options': 'WarnErrorOptions(include=[], exclude=[])', 'invocation_command': 'dbt init', 'log_format': 'default', 'introspect': 'True', 'target_path': 'None', 'static_parser': 'True', 'send_anonymous_usage_stats': 'True'}
[0m22:58:40.725569 [debug] [MainThread]: Starter project path: C:\Users\DangTinh\AppData\Local\Programs\Python\Python311\Lib\site-packages\dbt\include\starter_project
[0m22:58:40.773579 [info ] [MainThread]: 
Your new dbt project "project" was created!

For more information on how to configure the profiles.yml file,
please consult the dbt documentation here:

  https://docs.getdbt.com/docs/configure-your-profile

One more thing:

Need help? Don't hesitate to reach out to us via GitHub issues or on Slack:

  https://community.getdbt.com/

Happy modeling!

[0m22:58:40.774577 [info ] [MainThread]: Setting up your profile.
[0m22:59:09.104937 [error] [MainThread]: Encountered an error:

[0m22:59:09.140176 [error] [MainThread]: Traceback (most recent call last):
  File "C:\Users\DangTinh\AppData\Local\Programs\Python\Python311\Lib\site-packages\dbt\cli\requires.py", line 87, in wrapper
    result, success = func(*args, **kwargs)
                      ^^^^^^^^^^^^^^^^^^^^^
  File "C:\Users\DangTinh\AppData\Local\Programs\Python\Python311\Lib\site-packages\dbt\cli\requires.py", line 72, in wrapper
    return func(*args, **kwargs)
           ^^^^^^^^^^^^^^^^^^^^^
  File "C:\Users\DangTinh\AppData\Local\Programs\Python\Python311\Lib\site-packages\dbt\cli\main.py", line 469, in init
    results = task.run()
              ^^^^^^^^^^
  File "C:\Users\DangTinh\AppData\Local\Programs\Python\Python311\Lib\site-packages\dbt\task\init.py", line 308, in run
    self.create_profile_from_target(adapter, profile_name=profile_name)
  File "C:\Users\DangTinh\AppData\Local\Programs\Python\Python311\Lib\site-packages\dbt\task\init.py", line 179, in create_profile_from_target
    self.create_profile_from_profile_template(profile_template, profile_name)
  File "C:\Users\DangTinh\AppData\Local\Programs\Python\Python311\Lib\site-packages\dbt\task\init.py", line 163, in create_profile_from_profile_template
    target = self.generate_target_from_input(prompts, initial_target)
             ^^^^^^^^^^^^^^^^^^^^^^^^^^^^^^^^^^^^^^^^^^^^^^^^^^^^^^^^
  File "C:\Users\DangTinh\AppData\Local\Programs\Python\Python311\Lib\site-packages\dbt\task\init.py", line 116, in generate_target_from_input
    target = self.generate_target_from_input(
             ^^^^^^^^^^^^^^^^^^^^^^^^^^^^^^^^
  File "C:\Users\DangTinh\AppData\Local\Programs\Python\Python311\Lib\site-packages\dbt\task\init.py", line 129, in generate_target_from_input
    target[key] = click.prompt(
                  ^^^^^^^^^^^^^
  File "C:\Users\DangTinh\AppData\Local\Programs\Python\Python311\Lib\site-packages\click\termui.py", line 164, in prompt
    value = prompt_func(prompt)
            ^^^^^^^^^^^^^^^^^^^
  File "C:\Users\DangTinh\AppData\Local\Programs\Python\Python311\Lib\site-packages\click\termui.py", line 147, in prompt_func
    raise Abort() from None
click.exceptions.Abort

[0m22:59:09.142176 [debug] [MainThread]: Command `dbt init` failed at 22:59:09.142176 after 71.34 seconds
[0m22:59:09.142176 [debug] [MainThread]: Sending event: {'category': 'dbt', 'action': 'invocation', 'label': 'end', 'context': [<snowplow_tracker.self_describing_json.SelfDescribingJson object at 0x00000181DD9C8250>, <snowplow_tracker.self_describing_json.SelfDescribingJson object at 0x00000181DD9B8A50>, <snowplow_tracker.self_describing_json.SelfDescribingJson object at 0x00000181DD2E5590>]}
[0m22:59:09.143177 [debug] [MainThread]: Flushing usage events
